2025-06-08 22:33:43,802 - INFO - Scraping reviews for cbe
2025-06-08 22:33:45,119 - INFO - Successfully fetched 400 reviews for com.combanketh.mobilebanking
2025-06-08 22:33:45,154 - INFO - Saved 400 reviews for cbe to data/raw/cbe_review.csv
2025-06-08 22:33:45,156 - INFO - Scraping reviews for boe
2025-06-08 22:33:46,489 - INFO - Successfully fetched 400 reviews for com.boa.boaMobileBanking
2025-06-08 22:33:46,571 - INFO - Saved 400 reviews for boe to data/raw/boe_review.csv
2025-06-08 22:33:46,576 - INFO - Scraping reviews for dashen
2025-06-08 22:33:48,150 - INFO - Successfully fetched 400 reviews for com.dashen.dashensuperapp
2025-06-08 22:33:48,194 - INFO - Saved 400 reviews for dashen to data/raw/dashen_review.csv
2025-06-08 22:36:36,661 - INFO - Scraping reviews for cbe
2025-06-08 22:36:37,646 - INFO - Successfully fetched 400 reviews for com.combanketh.mobilebanking
2025-06-08 22:36:37,671 - INFO - Saved 400 reviews for cbe to data/raw/cbe_review.csv
2025-06-08 22:36:37,675 - INFO - Scraping reviews for boe
2025-06-08 22:36:38,861 - INFO - Successfully fetched 400 reviews for com.boa.boaMobileBanking
2025-06-08 22:36:38,872 - INFO - Saved 400 reviews for boe to data/raw/boe_review.csv
2025-06-08 22:36:38,874 - INFO - Scraping reviews for dashen
2025-06-08 22:36:40,693 - INFO - Successfully fetched 400 reviews for com.dashen.dashensuperapp
2025-06-08 22:36:40,738 - INFO - Saved 400 reviews for dashen to data/raw/dashen_review.csv
2025-06-08 22:37:13,240 - INFO - Completed scraping 1200 total reviews across 3 banks
2025-06-08 22:41:18,141 - INFO - Scraping reviews for cbe
2025-06-08 22:41:22,102 - INFO - Successfully fetched 600 reviews for com.combanketh.mobilebanking
2025-06-08 22:41:22,139 - INFO - Saved 600 reviews for cbe to data/raw/cbe_review.csv
2025-06-08 22:41:22,144 - INFO - Scraping reviews for boe
2025-06-08 22:41:23,572 - INFO - Successfully fetched 600 reviews for com.boa.boaMobileBanking
2025-06-08 22:41:23,584 - INFO - Saved 600 reviews for boe to data/raw/boe_review.csv
2025-06-08 22:41:23,586 - INFO - Scraping reviews for dashen
2025-06-08 22:41:25,229 - INFO - Successfully fetched 449 reviews for com.dashen.dashensuperapp
2025-06-08 22:41:25,253 - INFO - Saved 449 reviews for dashen to data/raw/dashen_review.csv
2025-06-08 22:41:40,098 - INFO - Completed scraping 1649 total reviews across 3 banks
2025-06-08 22:44:38,606 - ERROR - Error processing data/raw\boe_review.csv: Cannot save file into a non-existent directory: 'data\processed\raw'
2025-06-08 22:44:38,627 - ERROR - Error processing data/raw\cbe_review.csv: Cannot save file into a non-existent directory: 'data\processed\raw'
2025-06-08 22:44:38,678 - ERROR - Error processing data/raw\dashen_review.csv: Cannot save file into a non-existent directory: 'data\processed\raw'
2025-06-08 22:45:50,079 - INFO - Scraping reviews for cbe
2025-06-08 22:45:51,908 - INFO - Successfully fetched 600 reviews for com.combanketh.mobilebanking
2025-06-08 22:45:51,931 - INFO - Saved 600 reviews for cbe to data/raw/cbe_review.csv
2025-06-08 22:45:51,935 - INFO - Scraping reviews for boe
2025-06-08 22:46:02,851 - INFO - Successfully fetched 600 reviews for com.boa.boaMobileBanking
2025-06-08 22:46:02,872 - INFO - Saved 600 reviews for boe to data/raw/boe_review.csv
2025-06-08 22:46:02,875 - INFO - Scraping reviews for dashen
2025-06-08 22:46:04,593 - INFO - Successfully fetched 449 reviews for com.dashen.dashensuperapp
2025-06-08 22:46:04,617 - INFO - Saved 449 reviews for dashen to data/raw/dashen_review.csv
2025-06-08 22:48:23,993 - INFO - Scraping reviews for cbe
2025-06-08 22:48:25,201 - INFO - Successfully fetched 600 reviews for com.combanketh.mobilebanking
2025-06-08 22:48:25,215 - INFO - Saved 600 reviews for cbe to data/raw/cbe_review.csv
2025-06-08 22:48:25,216 - INFO - Scraping reviews for boe
2025-06-08 22:48:26,528 - INFO - Successfully fetched 600 reviews for com.boa.boaMobileBanking
2025-06-08 22:48:26,540 - INFO - Saved 600 reviews for boe to data/raw/boe_review.csv
2025-06-08 22:48:26,540 - INFO - Scraping reviews for dashen
2025-06-08 22:48:28,108 - INFO - Successfully fetched 449 reviews for com.dashen.dashensuperapp
2025-06-08 22:48:28,134 - INFO - Saved 449 reviews for dashen to data/raw/dashen_review.csv
2025-06-08 22:48:59,543 - INFO - Scraping reviews for cbe
2025-06-08 22:49:01,128 - INFO - Successfully fetched 600 reviews for com.combanketh.mobilebanking
2025-06-08 22:49:01,147 - ERROR - Error processing cbe: Cannot save file into a non-existent directory: '..\data\raw'
2025-06-08 22:49:01,149 - INFO - Scraping reviews for boe
2025-06-08 22:49:03,331 - INFO - Successfully fetched 600 reviews for com.boa.boaMobileBanking
2025-06-08 22:49:03,346 - ERROR - Error processing boe: Cannot save file into a non-existent directory: '..\data\raw'
2025-06-08 22:49:03,355 - INFO - Scraping reviews for dashen
2025-06-08 22:49:04,515 - INFO - Successfully fetched 449 reviews for com.dashen.dashensuperapp
2025-06-08 22:49:04,531 - ERROR - Error processing dashen: Cannot save file into a non-existent directory: '..\data\raw'
2025-06-08 22:49:47,623 - INFO - Scraping reviews for cbe
2025-06-08 22:49:51,887 - INFO - Successfully fetched 600 reviews for com.combanketh.mobilebanking
2025-06-08 22:49:51,911 - ERROR - Error processing cbe: Cannot save file into a non-existent directory: '..\data\raw'
2025-06-08 22:49:51,915 - INFO - Scraping reviews for boe
2025-06-08 22:49:55,974 - INFO - Successfully fetched 600 reviews for com.boa.boaMobileBanking
2025-06-08 22:49:55,996 - ERROR - Error processing boe: Cannot save file into a non-existent directory: '..\data\raw'
2025-06-08 22:49:55,999 - INFO - Scraping reviews for dashen
2025-06-08 22:49:57,448 - INFO - Successfully fetched 449 reviews for com.dashen.dashensuperapp
2025-06-08 22:49:57,463 - ERROR - Error processing dashen: Cannot save file into a non-existent directory: '..\data\raw'
2025-06-08 22:54:03,053 - INFO - Scraping reviews for cbe
2025-06-08 22:54:04,329 - INFO - Successfully fetched 600 reviews for com.combanketh.mobilebanking
2025-06-08 22:54:04,350 - ERROR - Error processing cbe: Cannot save file into a non-existent directory: '..\data\raw'
2025-06-08 22:54:04,352 - INFO - Scraping reviews for boe
2025-06-08 22:54:05,899 - INFO - Successfully fetched 600 reviews for com.boa.boaMobileBanking
2025-06-08 22:54:05,910 - ERROR - Error processing boe: Cannot save file into a non-existent directory: '..\data\raw'
2025-06-08 22:54:05,912 - INFO - Scraping reviews for dashen
2025-06-08 22:54:07,604 - INFO - Successfully fetched 449 reviews for com.dashen.dashensuperapp
2025-06-08 22:54:07,628 - ERROR - Error processing dashen: Cannot save file into a non-existent directory: '..\data\raw'
2025-06-08 22:57:08,971 - INFO - Scraping reviews for cbe
2025-06-08 22:57:10,598 - INFO - Successfully fetched 600 reviews for com.combanketh.mobilebanking
2025-06-08 22:57:10,639 - INFO - Saved 600 reviews for cbe to ../data/raw/cbe_review.csv
2025-06-08 22:57:10,647 - INFO - Scraping reviews for boe
2025-06-08 22:57:12,845 - INFO - Successfully fetched 600 reviews for com.boa.boaMobileBanking
2025-06-08 22:57:12,879 - INFO - Saved 600 reviews for boe to ../data/raw/boe_review.csv
2025-06-08 22:57:12,883 - INFO - Scraping reviews for dashen
2025-06-08 22:57:14,298 - INFO - Successfully fetched 449 reviews for com.dashen.dashensuperapp
2025-06-08 22:57:14,320 - INFO - Saved 449 reviews for dashen to ../data/raw/dashen_review.csv
2025-06-08 23:22:21,131 - ERROR - Error processing ../data/raw\boe_review.csv: Cannot save file into a non-existent directory: '..\data\processed\raw'
2025-06-08 23:22:21,151 - ERROR - Error processing ../data/raw\cbe_review.csv: Cannot save file into a non-existent directory: '..\data\processed\raw'
2025-06-08 23:22:21,188 - ERROR - Error processing ../data/raw\dashen_review.csv: Cannot save file into a non-existent directory: '..\data\processed\raw'
2025-06-08 23:26:32,333 - INFO - Scraping reviews for cbe
2025-06-08 23:26:33,902 - INFO - Successfully fetched 600 reviews for com.combanketh.mobilebanking
2025-06-08 23:26:33,909 - INFO - Saved 600 reviews for cbe to ../data/raw/cbe_review.csv
2025-06-08 23:26:33,910 - INFO - Scraping reviews for boe
2025-06-08 23:26:35,195 - INFO - Successfully fetched 600 reviews for com.boa.boaMobileBanking
2025-06-08 23:26:35,208 - INFO - Saved 600 reviews for boe to ../data/raw/boe_review.csv
2025-06-08 23:26:35,213 - INFO - Scraping reviews for dashen
2025-06-08 23:26:37,356 - INFO - Successfully fetched 449 reviews for com.dashen.dashensuperapp
2025-06-08 23:26:37,370 - INFO - Saved 449 reviews for dashen to ../data/raw/dashen_review.csv
2025-06-08 23:26:52,522 - INFO - Saved 499 processed reviews for boe
2025-06-08 23:26:52,535 - INFO - Saved 448 processed reviews for cbe
2025-06-08 23:26:52,603 - INFO - Saved 405 processed reviews for dashen
